#-----------------------------------------------------------
# Vivado v2018.2 (64-bit)
# SW Build 2258646 on Thu Jun 14 20:03:12 MDT 2018
# IP Build 2256618 on Thu Jun 14 22:10:49 MDT 2018
# Start of session at: Tue Jun 20 15:54:27 2023
# Process ID: 7436
# Current directory: C:/Users/mehbo/OneDrive/Documents/lab_14
# Command line: vivado.exe -gui_launcher_event rodinguilauncherevent15084 C:\Users\mehbo\OneDrive\Documents\lab_14\lab_14.xpr
# Log file: C:/Users/mehbo/OneDrive/Documents/lab_14/vivado.log
# Journal file: C:/Users/mehbo/OneDrive/Documents/lab_14\vivado.jou
#-----------------------------------------------------------
start_gui
open_project C:/Users/mehbo/OneDrive/Documents/lab_14/lab_14.xpr
Scanning sources...
Finished scanning sources
INFO: [IP_Flow 19-234] Refreshing IP repositories
INFO: [IP_Flow 19-1704] No user IP repositories specified
INFO: [IP_Flow 19-2313] Loaded Vivado IP repository 'C:/Xilinx/Vivado/2018.2/data/ip'.
open_project: Time (s): cpu = 00:00:18 ; elapsed = 00:00:11 . Memory (MB): peak = 828.516 ; gain = 149.270
update_compile_order -fileset sources_1
close [ open C:/Users/mehbo/OneDrive/Documents/lab_14/lab_14.srcs/sources_1/new/TrafficController.v w ]
add_files C:/Users/mehbo/OneDrive/Documents/lab_14/lab_14.srcs/sources_1/new/TrafficController.v
update_compile_order -fileset sources_1
set_property SOURCE_SET sources_1 [get_filesets sim_1]
close [ open C:/Users/mehbo/OneDrive/Documents/lab_14/lab_14.srcs/sim_1/new/Tb4.v w ]
add_files -fileset sim_1 C:/Users/mehbo/OneDrive/Documents/lab_14/lab_14.srcs/sim_1/new/Tb4.v
update_compile_order -fileset sim_1
set_property top Tb4 [get_filesets sim_1]
set_property top_lib xil_defaultlib [get_filesets sim_1]
update_compile_order -fileset sim_1
set_property is_enabled false [get_files  C:/Users/mehbo/OneDrive/Documents/lab_14/lab_14.srcs/sim_1/new/Tb3.v]
launch_simulation
INFO: [Vivado 12-5682] Launching behavioral simulation in 'C:/Users/mehbo/OneDrive/Documents/lab_14/lab_14.sim/sim_1/behav/xsim'
INFO: [SIM-utils-51] Simulation object is 'sim_1'
INFO: [SIM-utils-54] Inspecting design source files for 'Tb4' in fileset 'sim_1'...
INFO: [USF-XSim-97] Finding global include files...
INFO: [USF-XSim-98] Fetching design files from 'sim_1'...
INFO: [USF-XSim-2] XSim::Compile design
INFO: [USF-XSim-61] Executing 'COMPILE and ANALYZE' step in 'C:/Users/mehbo/OneDrive/Documents/lab_14/lab_14.sim/sim_1/behav/xsim'
"xvlog --incr --relax -prj Tb4_vlog.prj"
INFO: [VRFC 10-2263] Analyzing Verilog file "C:/Users/mehbo/OneDrive/Documents/lab_14/lab_14.srcs/sources_1/new/TrafficController.v" into library xil_defaultlib
INFO: [VRFC 10-311] analyzing module TrafficController
INFO: [VRFC 10-2263] Analyzing Verilog file "C:/Users/mehbo/OneDrive/Documents/lab_14/lab_14.srcs/sim_1/new/Tb4.v" into library xil_defaultlib
INFO: [VRFC 10-311] analyzing module Tb4
INFO: [USF-XSim-69] 'compile' step finished in '2' seconds
INFO: [USF-XSim-3] XSim::Elaborate design
INFO: [USF-XSim-61] Executing 'ELABORATE' step in 'C:/Users/mehbo/OneDrive/Documents/lab_14/lab_14.sim/sim_1/behav/xsim'
Vivado Simulator 2018.2
Copyright 1986-1999, 2001-2018 Xilinx, Inc. All Rights Reserved.
Running: C:/Xilinx/Vivado/2018.2/bin/unwrapped/win64.o/xelab.exe -wto b7f6f93ae58e45f0851985ec9f906ce7 --incr --debug typical --relax --mt 2 -L xil_defaultlib -L unisims_ver -L unimacro_ver -L secureip --snapshot Tb4_behav xil_defaultlib.Tb4 xil_defaultlib.glbl -log elaborate.log 
Using 2 slave threads.
Starting static elaboration
Completed static elaboration
Starting simulation data flow analysis
Completed simulation data flow analysis
Time Resolution for simulation is 1ps
Compiling module xil_defaultlib.TrafficController
Compiling module xil_defaultlib.Tb4
Compiling module xil_defaultlib.glbl
Built simulation snapshot Tb4_behav

****** Webtalk v2018.2 (64-bit)
  **** SW Build 2258646 on Thu Jun 14 20:03:12 MDT 2018
  **** IP Build 2256618 on Thu Jun 14 22:10:49 MDT 2018
    ** Copyright 1986-2018 Xilinx, Inc. All Rights Reserved.

source C:/Users/mehbo/OneDrive/Documents/lab_14/lab_14.sim/sim_1/behav/xsim/xsim.dir/Tb4_behav/webtalk/xsim_webtalk.tcl -notrace
INFO: [Common 17-206] Exiting Webtalk at Tue Jun 20 16:47:13 2023...
run_program: Time (s): cpu = 00:00:00 ; elapsed = 00:00:05 . Memory (MB): peak = 896.258 ; gain = 0.000
INFO: [USF-XSim-69] 'elaborate' step finished in '5' seconds
INFO: [USF-XSim-4] XSim::Simulate design
INFO: [USF-XSim-61] Executing 'SIMULATE' step in 'C:/Users/mehbo/OneDrive/Documents/lab_14/lab_14.sim/sim_1/behav/xsim'
INFO: [USF-XSim-98] *** Running xsim
   with args "Tb4_behav -key {Behavioral:sim_1:Functional:Tb4} -tclbatch {Tb4.tcl} -log {simulate.log}"
INFO: [USF-XSim-8] Loading simulator feature
Vivado Simulator 2018.2
Time resolution is 1 ps
source Tb4.tcl
# set curr_wave [current_wave_config]
# if { [string length $curr_wave] == 0 } {
#   if { [llength [get_objects]] > 0} {
#     add_wave /
#     set_property needs_save false [current_wave_config]
#   } else {
#      send_msg_id Add_Wave-1 WARNING "No top level signals found. Simulator will start without a wave window. If you want to open a wave window go to 'File->New Waveform Configuration' or type 'create_wave_config' in the TCL console."
#   }
# }
# run 1000ns
INFO: [USF-XSim-96] XSim completed. Design snapshot 'Tb4_behav' loaded.
INFO: [USF-XSim-97] XSim simulation ran for 1000ns
launch_simulation: Time (s): cpu = 00:00:05 ; elapsed = 00:00:10 . Memory (MB): peak = 896.258 ; gain = 0.000
close_sim
INFO: [Simtcl 6-16] Simulation closed
launch_simulation
INFO: [Vivado 12-5682] Launching behavioral simulation in 'C:/Users/mehbo/OneDrive/Documents/lab_14/lab_14.sim/sim_1/behav/xsim'
INFO: [SIM-utils-51] Simulation object is 'sim_1'
INFO: [SIM-utils-54] Inspecting design source files for 'Tb4' in fileset 'sim_1'...
INFO: [USF-XSim-97] Finding global include files...
INFO: [USF-XSim-98] Fetching design files from 'sim_1'...
INFO: [USF-XSim-2] XSim::Compile design
INFO: [USF-XSim-61] Executing 'COMPILE and ANALYZE' step in 'C:/Users/mehbo/OneDrive/Documents/lab_14/lab_14.sim/sim_1/behav/xsim'
"xvlog --incr --relax -prj Tb4_vlog.prj"
INFO: [VRFC 10-2263] Analyzing Verilog file "C:/Users/mehbo/OneDrive/Documents/lab_14/lab_14.srcs/sources_1/new/TrafficController.v" into library xil_defaultlib
INFO: [VRFC 10-311] analyzing module TrafficController
INFO: [VRFC 10-2263] Analyzing Verilog file "C:/Users/mehbo/OneDrive/Documents/lab_14/lab_14.srcs/sim_1/new/Tb4.v" into library xil_defaultlib
INFO: [VRFC 10-311] analyzing module Tb4
INFO: [USF-XSim-69] 'compile' step finished in '1' seconds
INFO: [USF-XSim-3] XSim::Elaborate design
INFO: [USF-XSim-61] Executing 'ELABORATE' step in 'C:/Users/mehbo/OneDrive/Documents/lab_14/lab_14.sim/sim_1/behav/xsim'
Vivado Simulator 2018.2
Copyright 1986-1999, 2001-2018 Xilinx, Inc. All Rights Reserved.
Running: C:/Xilinx/Vivado/2018.2/bin/unwrapped/win64.o/xelab.exe -wto b7f6f93ae58e45f0851985ec9f906ce7 --incr --debug typical --relax --mt 2 -L xil_defaultlib -L unisims_ver -L unimacro_ver -L secureip --snapshot Tb4_behav xil_defaultlib.Tb4 xil_defaultlib.glbl -log elaborate.log 
Using 2 slave threads.
Starting static elaboration
Completed static elaboration
Starting simulation data flow analysis
Completed simulation data flow analysis
Time Resolution for simulation is 1ps
Compiling module xil_defaultlib.TrafficController
Compiling module xil_defaultlib.Tb4
Compiling module xil_defaultlib.glbl
Built simulation snapshot Tb4_behav
INFO: [USF-XSim-69] 'elaborate' step finished in '2' seconds
INFO: [USF-XSim-4] XSim::Simulate design
INFO: [USF-XSim-61] Executing 'SIMULATE' step in 'C:/Users/mehbo/OneDrive/Documents/lab_14/lab_14.sim/sim_1/behav/xsim'
INFO: [USF-XSim-98] *** Running xsim
   with args "Tb4_behav -key {Behavioral:sim_1:Functional:Tb4} -tclbatch {Tb4.tcl} -log {simulate.log}"
INFO: [USF-XSim-8] Loading simulator feature
Vivado Simulator 2018.2
Time resolution is 1 ps
source Tb4.tcl
# set curr_wave [current_wave_config]
# if { [string length $curr_wave] == 0 } {
#   if { [llength [get_objects]] > 0} {
#     add_wave /
#     set_property needs_save false [current_wave_config]
#   } else {
#      send_msg_id Add_Wave-1 WARNING "No top level signals found. Simulator will start without a wave window. If you want to open a wave window go to 'File->New Waveform Configuration' or type 'create_wave_config' in the TCL console."
#   }
# }
# run 1000ns
INFO: [USF-XSim-96] XSim completed. Design snapshot 'Tb4_behav' loaded.
INFO: [USF-XSim-97] XSim simulation ran for 1000ns
launch_simulation: Time (s): cpu = 00:00:03 ; elapsed = 00:00:05 . Memory (MB): peak = 896.258 ; gain = 0.000
close_sim
INFO: [Simtcl 6-16] Simulation closed
launch_simulation
INFO: [Vivado 12-5682] Launching behavioral simulation in 'C:/Users/mehbo/OneDrive/Documents/lab_14/lab_14.sim/sim_1/behav/xsim'
INFO: [SIM-utils-51] Simulation object is 'sim_1'
INFO: [SIM-utils-54] Inspecting design source files for 'Tb4' in fileset 'sim_1'...
INFO: [USF-XSim-97] Finding global include files...
INFO: [USF-XSim-98] Fetching design files from 'sim_1'...
INFO: [USF-XSim-2] XSim::Compile design
INFO: [USF-XSim-61] Executing 'COMPILE and ANALYZE' step in 'C:/Users/mehbo/OneDrive/Documents/lab_14/lab_14.sim/sim_1/behav/xsim'
"xvlog --incr --relax -prj Tb4_vlog.prj"
INFO: [VRFC 10-2263] Analyzing Verilog file "C:/Users/mehbo/OneDrive/Documents/lab_14/lab_14.srcs/sources_1/new/TrafficController.v" into library xil_defaultlib
INFO: [VRFC 10-311] analyzing module TrafficController
INFO: [VRFC 10-2263] Analyzing Verilog file "C:/Users/mehbo/OneDrive/Documents/lab_14/lab_14.srcs/sim_1/new/Tb4.v" into library xil_defaultlib
INFO: [VRFC 10-311] analyzing module Tb4
INFO: [USF-XSim-69] 'compile' step finished in '1' seconds
INFO: [USF-XSim-3] XSim::Elaborate design
INFO: [USF-XSim-61] Executing 'ELABORATE' step in 'C:/Users/mehbo/OneDrive/Documents/lab_14/lab_14.sim/sim_1/behav/xsim'
Vivado Simulator 2018.2
Copyright 1986-1999, 2001-2018 Xilinx, Inc. All Rights Reserved.
Running: C:/Xilinx/Vivado/2018.2/bin/unwrapped/win64.o/xelab.exe -wto b7f6f93ae58e45f0851985ec9f906ce7 --incr --debug typical --relax --mt 2 -L xil_defaultlib -L unisims_ver -L unimacro_ver -L secureip --snapshot Tb4_behav xil_defaultlib.Tb4 xil_defaultlib.glbl -log elaborate.log 
Using 2 slave threads.
Starting static elaboration
Completed static elaboration
Starting simulation data flow analysis
Completed simulation data flow analysis
Time Resolution for simulation is 1ps
Compiling module xil_defaultlib.TrafficController
Compiling module xil_defaultlib.Tb4
Compiling module xil_defaultlib.glbl
Built simulation snapshot Tb4_behav
INFO: [USF-XSim-69] 'elaborate' step finished in '2' seconds
INFO: [USF-XSim-4] XSim::Simulate design
INFO: [USF-XSim-61] Executing 'SIMULATE' step in 'C:/Users/mehbo/OneDrive/Documents/lab_14/lab_14.sim/sim_1/behav/xsim'
INFO: [USF-XSim-98] *** Running xsim
   with args "Tb4_behav -key {Behavioral:sim_1:Functional:Tb4} -tclbatch {Tb4.tcl} -log {simulate.log}"
INFO: [USF-XSim-8] Loading simulator feature
Vivado Simulator 2018.2
Time resolution is 1 ps
source Tb4.tcl
# set curr_wave [current_wave_config]
# if { [string length $curr_wave] == 0 } {
#   if { [llength [get_objects]] > 0} {
#     add_wave /
#     set_property needs_save false [current_wave_config]
#   } else {
#      send_msg_id Add_Wave-1 WARNING "No top level signals found. Simulator will start without a wave window. If you want to open a wave window go to 'File->New Waveform Configuration' or type 'create_wave_config' in the TCL console."
#   }
# }
# run 1000ns
INFO: [USF-XSim-96] XSim completed. Design snapshot 'Tb4_behav' loaded.
INFO: [USF-XSim-97] XSim simulation ran for 1000ns
launch_simulation: Time (s): cpu = 00:00:03 ; elapsed = 00:00:05 . Memory (MB): peak = 897.555 ; gain = 1.297
close_sim
INFO: [Simtcl 6-16] Simulation closed
exit
INFO: [Common 17-206] Exiting Vivado at Tue Jun 20 16:59:28 2023...
