
*** Running vivado
    with args -log Seven_Segment_Decrementer.vds -m64 -product Vivado -mode batch -messageDb vivado.pb -notrace -source Seven_Segment_Decrementer.tcl


****** Vivado v2018.2 (64-bit)
  **** SW Build 2258646 on Thu Jun 14 20:03:12 MDT 2018
  **** IP Build 2256618 on Thu Jun 14 22:10:49 MDT 2018
    ** Copyright 1986-2018 Xilinx, Inc. All Rights Reserved.

source Seven_Segment_Decrementer.tcl -notrace
Command: synth_design -top Seven_Segment_Decrementer -part xc7a35tcpg236-1
Starting synth_design
Attempting to get a license for feature 'Synthesis' and/or device 'xc7a35t'
INFO: [Common 17-349] Got license for feature 'Synthesis' and/or device 'xc7a35t'
INFO: Launching helper process for spawning children vivado processes
INFO: Helper process launched with PID 18744 
---------------------------------------------------------------------------------
Starting RTL Elaboration : Time (s): cpu = 00:00:03 ; elapsed = 00:00:03 . Memory (MB): peak = 493.766 ; gain = 97.281
---------------------------------------------------------------------------------
INFO: [Synth 8-6157] synthesizing module 'Seven_Segment_Decrementer' [C:/Users/mehbo/OneDrive/Documents/lab_4/lab_4.srcs/sources_1/imports/Desktop/Seven_Segment_Decrementer.v:1]
WARNING: [Synth 8-151] case item 2'b00 is unreachable [C:/Users/mehbo/OneDrive/Documents/lab_4/lab_4.srcs/sources_1/imports/Desktop/Seven_Segment_Decrementer.v:43]
WARNING: [Synth 8-151] case item 2'b00 is unreachable [C:/Users/mehbo/OneDrive/Documents/lab_4/lab_4.srcs/sources_1/imports/Desktop/Seven_Segment_Decrementer.v:43]
INFO: [Synth 8-155] case statement is not full and has no default [C:/Users/mehbo/OneDrive/Documents/lab_4/lab_4.srcs/sources_1/imports/Desktop/Seven_Segment_Decrementer.v:43]
INFO: [Synth 8-6157] synthesizing module 'vio_0' [C:/Users/mehbo/OneDrive/Documents/lab_4/lab_4.runs/synth_1/.Xil/Vivado-27792-LAPTOP-MK/realtime/vio_0_stub.v:6]
INFO: [Synth 8-6155] done synthesizing module 'vio_0' (1#1) [C:/Users/mehbo/OneDrive/Documents/lab_4/lab_4.runs/synth_1/.Xil/Vivado-27792-LAPTOP-MK/realtime/vio_0_stub.v:6]
ERROR: [Synth 8-685] variable 'one_second_counter' should not be used in output port connection [C:/Users/mehbo/OneDrive/Documents/lab_4/lab_4.srcs/sources_1/imports/Desktop/Seven_Segment_Decrementer.v:88]
ERROR: [Synth 8-6156] failed synthesizing module 'Seven_Segment_Decrementer' [C:/Users/mehbo/OneDrive/Documents/lab_4/lab_4.srcs/sources_1/imports/Desktop/Seven_Segment_Decrementer.v:1]
---------------------------------------------------------------------------------
Finished RTL Elaboration : Time (s): cpu = 00:00:04 ; elapsed = 00:00:04 . Memory (MB): peak = 548.352 ; gain = 151.867
---------------------------------------------------------------------------------
RTL Elaboration failed
INFO: [Common 17-83] Releasing license: Synthesis
6 Infos, 2 Warnings, 0 Critical Warnings and 3 Errors encountered.
synth_design failed
ERROR: [Common 17-69] Command failed: Synthesis failed - please see the console or run log file for details
INFO: [Common 17-206] Exiting Vivado at Wed Jun 14 16:00:43 2023...
