#-----------------------------------------------------------
# Vivado v2018.2 (64-bit)
# SW Build 2258646 on Thu Jun 14 20:03:12 MDT 2018
# IP Build 2256618 on Thu Jun 14 22:10:49 MDT 2018
# Start of session at: Tue Jul 11 13:00:31 2023
# Process ID: 4700
# Current directory: C:/Users/mehbo/OneDrive/Documents/lab_12
# Command line: vivado.exe -gui_launcher_event rodinguilauncherevent12392 C:\Users\mehbo\OneDrive\Documents\lab_12\lab_12.xpr
# Log file: C:/Users/mehbo/OneDrive/Documents/lab_12/vivado.log
# Journal file: C:/Users/mehbo/OneDrive/Documents/lab_12\vivado.jou
#-----------------------------------------------------------
start_gui
open_project C:/Users/mehbo/OneDrive/Documents/lab_12/lab_12.xpr
Scanning sources...
Finished scanning sources
INFO: [IP_Flow 19-234] Refreshing IP repositories
INFO: [IP_Flow 19-1704] No user IP repositories specified
INFO: [IP_Flow 19-2313] Loaded Vivado IP repository 'C:/Xilinx/Vivado/2018.2/data/ip'.
open_project: Time (s): cpu = 00:00:15 ; elapsed = 00:00:08 . Memory (MB): peak = 915.078 ; gain = 184.949
update_compile_order -fileset sources_1
exit
INFO: [Common 17-206] Exiting Vivado at Tue Jul 11 13:01:19 2023...
