#-----------------------------------------------------------
# Vivado v2018.2 (64-bit)
# SW Build 2258646 on Thu Jun 14 20:03:12 MDT 2018
# IP Build 2256618 on Thu Jun 14 22:10:49 MDT 2018
# Start of session at: Sun Jul 23 16:55:53 2023
# Process ID: 14356
# Current directory: C:/Users/mehbo/OneDrive/Documents/lab_16
# Command line: vivado.exe -gui_launcher_event rodinguilauncherevent20396 C:\Users\mehbo\OneDrive\Documents\lab_16\lab_16.xpr
# Log file: C:/Users/mehbo/OneDrive/Documents/lab_16/vivado.log
# Journal file: C:/Users/mehbo/OneDrive/Documents/lab_16\vivado.jou
#-----------------------------------------------------------
start_gui
open_project C:/Users/mehbo/OneDrive/Documents/lab_16/lab_16.xpr
Scanning sources...
Finished scanning sources
INFO: [IP_Flow 19-234] Refreshing IP repositories
INFO: [IP_Flow 19-1704] No user IP repositories specified
INFO: [IP_Flow 19-2313] Loaded Vivado IP repository 'C:/Xilinx/Vivado/2018.2/data/ip'.
open_project: Time (s): cpu = 00:00:14 ; elapsed = 00:00:09 . Memory (MB): peak = 839.707 ; gain = 159.945
update_compile_order -fileset sources_1
exit
INFO: [Common 17-206] Exiting Vivado at Sun Jul 23 21:29:54 2023...
