#-----------------------------------------------------------
# Vivado v2018.2 (64-bit)
# SW Build 2258646 on Thu Jun 14 20:03:12 MDT 2018
# IP Build 2256618 on Thu Jun 14 22:10:49 MDT 2018
# Start of session at: Tue Jul 18 16:26:16 2023
# Process ID: 22572
# Current directory: C:/Users/mehbo/OneDrive/Documents/lab_16
# Command line: vivado.exe -gui_launcher_event rodinguilauncherevent17064 C:\Users\mehbo\OneDrive\Documents\lab_16\lab_16.xpr
# Log file: C:/Users/mehbo/OneDrive/Documents/lab_16/vivado.log
# Journal file: C:/Users/mehbo/OneDrive/Documents/lab_16\vivado.jou
#-----------------------------------------------------------
start_gui
open_project C:/Users/mehbo/OneDrive/Documents/lab_16/lab_16.xpr
Scanning sources...
Finished scanning sources
INFO: [IP_Flow 19-234] Refreshing IP repositories
INFO: [IP_Flow 19-1704] No user IP repositories specified
INFO: [IP_Flow 19-2313] Loaded Vivado IP repository 'C:/Xilinx/Vivado/2018.2/data/ip'.
open_project: Time (s): cpu = 00:00:17 ; elapsed = 00:00:10 . Memory (MB): peak = 927.625 ; gain = 196.469
update_compile_order -fileset sources_1
exit
INFO: [Common 17-206] Exiting Vivado at Tue Jul 18 17:04:15 2023...
